4377
0 0 11 0
0 1 11 1
0 2 11 2
0 3 11 3
0 4 11 4
0 5 11 5
0 6 11 6
0 7 11 7
0 8 11 8
0 9 5 10
0 11 11 11
0 12 11 12
0 13 11 13
0 14 11 14
0 15 11 15
0 16 11 16
0 17 5 18
0 19 11 19
0 20 11 20
0 21 11 21
0 22 11 22
0 23 11 23
0 24 11 24
0 25 11 25
0 26 11 26
0 27 11 27
0 28 11 28
0 29 11 29
0 30 11 30
0 31 11 31
0 32 5 33
0 34 11 34
0 35 1 40
0 41 11 41
0 42 11 42
0 43 11 43
0 44 11 44
0 45 11 45
0 46 11 46
0 47 11 47
0 48 11 48
0 49 11 49
0 50 11 50
0 51 11 51
0 52 11 52
0 53 11 53
0 54 11 54
0 55 11 55
0 56 11 56
0 57 11 57
0 58 11 58
0 59 11 59
0 60 11 60
0 61 11 61
0 62 11 62
0 63 11 63
0 64 11 64
0 65 11 65
0 66 11 66
0 67 11 67
0 68 11 68
0 69 11 69
0 70 5 71
0 72 11 72
0 73 11 73
0 74 11 74
0 75 11 75
0 76 11 76
0 77 11 77
0 78 11 78
0 79 5 80
0 81 11 81
0 82 11 82
0 83 11 83
0 84 11 84
0 85 11 85
0 86 5 87
0 88 11 88
0 89 11 89
0 90 11 90
0 91 11 91
0 92 11 92
0 93 5 94
0 95 11 95
0 96 11 96
0 97 11 97
0 98 11 98
0 99 11 99
0 100 11 100
0 101 11 101
0 102 11 102
0 103 11 103
0 104 11 104
0 105 11 105
0 106 11 106
0 107 11 107
0 108 11 108
0 109 11 109
0 110 5 111
0 112 5 113
0 114 11 114
0 115 11 115
0 116 11 116
0 117 11 117
0 118 11 118
0 119 11 119
0 120 11 120
0 121 11 121
0 122 11 122
0 123 11 123
0 124 11 124
0 125 11 125
0 126 11 126
0 127 11 127
0 128 11 128
0 129 11 129
0 130 11 130
0 131 11 131
0 132 11 132
0 133 11 133
0 134 11 134
0 135 11 135
0 136 11 136
0 137 11 137
0 138 11 138
0 139 11 139
0 140 11 140
0 141 11 141
0 142 11 142
0 143 11 143
0 144 11 144
0 145 11 145
0 146 11 146
0 147 5 148
0 149 11 149
0 150 11 150
0 151 11 151
0 152 11 152
0 153 11 153
0 154 11 154
0 155 11 155
0 156 11 156
0 157 11 157
0 158 11 158
0 159 11 159
0 160 11 160
0 161 11 161
0 162 11 162
0 163 11 163
0 164 11 164
0 165 11 165
0 166 11 166
0 167 11 167
0 168 11 168
0 169 11 169
0 170 11 170
0 171 11 171
0 172 11 172
0 173 11 173
0 174 11 174
0 175 11 175
0 176 11 176
0 177 11 177
0 178 11 178
0 179 11 179
0 180 5 181
0 182 5 183
0 184 11 184
0 185 11 185
0 186 11 186
0 187 11 187
0 188 11 188
0 189 11 189
0 190 11 190
0 191 11 191
0 192 11 192
0 193 11 193
0 194 11 194
0 195 11 195
0 196 11 196
0 197 11 197
0 198 11 198
0 199 11 199
0 200 11 200
0 201 11 201
0 202 11 202
0 203 11 203
0 204 11 204
0 205 11 205
0 206 11 206
0 207 11 207
0 208 11 208
0 209 11 209
0 210 5 211
0 212 11 212
0 213 11 213
0 214 11 214
0 215 11 215
0 216 11 216
0 217 11 217
0 218 11 218
0 219 11 219
0 220 11 220
0 221 11 221
0 222 11 222
0 223 11 223
0 224 11 224
0 225 11 225
0 226 11 226
0 227 11 227
0 228 11 228
0 229 11 229
0 230 5 231
0 232 11 232
0 233 11 233
0 234 11 234
0 235 11 235
0 236 11 236
0 237 11 237
0 238 11 238
0 239 11 239
0 240 11 240
0 241 11 241
0 242 11 242
0 243 11 243
0 244 11 244
0 245 11 245
0 246 11 246
0 247 11 247
0 248 11 248
0 249 11 249
2 35 13 35
2 36 13 36
2 37 13 37
2 38 13 38
2 39 13 39
2 40 13 40
6 9 11 10
6 17 11 18
6 32 17 32
6 33 17 33
6 70 6 81
6 86 17 86
6 87 17 87
6 93 11 94
6 110 17 110
6 111 17 111
6 112 17 112
6 113 17 113
6 147 11 148
6 180 17 180
6 181 17 181
6 182 17 182
6 183 17 183
6 210 17 210
6 211 17 211
6 230 17 230
6 231 17 231
7 70 18 70
7 71 18 71
7 79 18 79
7 80 18 80
12 0 23 0
12 1 23 1
12 2 23 2
12 3 23 3
12 4 13 9
12 10 23 10
12 11 23 11
12 12 23 12
12 13 23 13
12 14 17 15
12 16 15 18
12 19 23 19
12 20 23 20
12 21 17 22
12 23 23 23
12 24 23 24
12 25 23 25
12 26 23 26
12 27 23 27
12 28 23 28
12 29 17 30
12 31 17 32
12 34 23 34
12 41 23 41
12 42 23 42
12 43 23 43
12 44 23 44
12 45 17 46
12 47 23 47
12 48 23 48
12 49 23 49
12 50 23 50
12 51 23 51
12 52 23 52
12 53 23 53
12 54 23 54
12 55 23 55
12 56 23 56
12 57 23 57
12 58 23 58
12 59 23 59
12 60 23 60
12 61 23 61
12 62 23 62
12 63 23 63
12 64 23 64
12 65 23 65
12 66 23 66
12 67 23 67
12 68 23 68
12 69 23 69
12 72 23 72
12 73 23 73
12 74 23 74
12 75 17 76
12 77 23 77
12 78 14 81
12 82 23 82
12 83 13 88
12 89 23 89
12 90 23 90
12 91 23 91
12 92 23 92
12 93 23 93
12 94 23 94
12 95 17 96
12 97 23 97
12 98 23 98
12 99 23 99
12 100 23 100
12 101 23 101
12 102 23 102
12 103 14 106
12 107 23 107
12 108 23 108
12 109 23 109
12 114 23 114
12 115 23 115
12 116 23 116
12 117 17 118
12 119 23 119
12 120 17 121
12 122 23 122
12 123 23 123
12 124 23 124
12 125 23 125
12 126 23 126
12 127 23 127
12 128 23 128
12 129 17 130
12 131 23 131
12 132 23 132
12 133 17 134
12 135 23 135
12 136 23 136
12 137 17 138
12 139 23 139
12 140 23 140
12 141 23 141
12 142 17 143
12 144 23 144
12 145 23 145
12 146 23 146
12 147 23 147
12 148 23 148
12 149 23 149
12 150 23 150
12 151 23 151
12 152 23 152
12 153 23 153
12 154 23 154
12 155 23 155
12 156 17 157
12 158 23 158
12 159 23 159
12 160 23 160
12 161 23 161
12 162 17 163
12 164 23 164
12 165 23 165
12 166 23 166
12 167 23 167
12 168 17 169
12 170 23 170
12 171 23 171
12 172 23 172
12 173 23 173
12 174 23 174
12 175 23 175
12 176 17 177
12 178 23 178
12 179 23 179
12 184 23 184
12 185 23 185
12 186 23 186
12 187 23 187
12 188 23 188
12 189 23 189
12 190 23 190
12 191 23 191
12 192 23 192
12 193 23 193
12 194 23 194
12 195 23 195
12 196 23 196
12 197 23 197
12 198 23 198
12 199 23 199
12 200 23 200
12 201 17 202
12 203 23 203
12 204 23 204
12 205 17 206
12 207 23 207
12 208 23 208
12 209 23 209
12 212 23 212
12 213 23 213
12 214 23 214
12 215 23 215
12 216 23 216
12 217 23 217
12 218 23 218
12 219 23 219
12 220 17 221
12 222 23 222
12 223 23 223
12 224 23 224
12 225 23 225
12 226 12 237
12 238 23 238
12 239 23 239
12 240 23 240
12 241 23 241
12 242 23 242
12 243 23 243
12 244 23 244
12 245 23 245
12 246 23 246
12 247 23 247
12 248 23 248
12 249 23 249
13 226 14 231
13 232 24 232
13 233 24 233
13 234 24 234
13 235 24 235
13 236 24 236
13 237 24 237
14 4 25 4
14 5 25 5
14 6 25 6
14 7 19 8
14 9 25 9
14 35 25 35
14 36 25 36
14 37 25 37
14 38 25 38
14 39 25 39
14 40 25 40
14 83 25 83
14 84 25 84
14 85 25 85
14 88 25 88
15 78 26 78
15 81 26 81
15 103 26 103
15 104 26 104
15 105 26 105
15 106 26 106
15 226 18 228
15 229 20 230
16 16 27 16
16 17 27 17
16 18 27 18
18 14 20 17
18 21 23 22
18 29 21 31
18 32 29 32
18 33 29 33
18 45 23 46
18 75 29 75
18 76 29 76
18 86 29 86
18 87 29 87
18 95 29 95
18 96 29 96
18 110 29 110
18 111 29 111
18 112 29 112
18 113 29 113
18 117 29 117
18 118 29 118
18 120 29 120
18 121 29 121
18 129 23 130
18 133 29 133
18 134 23 135
18 137 29 137
18 138 29 138
18 142 29 142
18 143 29 143
18 156 29 156
18 157 29 157
18 162 29 162
18 163 29 163
18 168 29 168
18 169 29 169
18 176 29 176
18 177 23 178
18 180 29 180
18 181 29 181
18 182 29 182
18 183 29 183
18 201 29 201
18 202 29 202
18 205 29 205
18 206 29 206
18 210 29 210
18 211 29 211
18 220 29 220
18 221 29 221
18 231 21 233
19 70 22 72
19 79 30 79
19 80 24 81
19 226 30 226
19 227 30 227
19 228 22 230
20 7 31 7
20 8 31 8
21 14 32 14
21 15 32 15
22 29 25 31
22 231 33 231
23 70 34 70
23 71 34 71
23 228 34 228
23 229 34 229
23 230 34 230
24 0 35 0
24 1 35 1
24 2 27 4
24 10 35 10
24 11 35 11
24 12 35 12
24 13 35 13
24 19 29 20
24 21 35 21
24 22 29 23
24 24 35 24
24 25 35 25
24 26 35 26
24 27 35 27
24 28 35 28
24 34 35 34
24 41 35 41
24 42 35 42
24 43 35 43
24 44 35 44
24 45 35 45
24 46 35 46
24 47 35 47
24 48 35 48
24 49 35 49
24 50 35 50
24 51 35 51
24 52 35 52
24 53 35 53
24 54 35 54
24 55 35 55
24 56 35 56
24 57 35 57
24 58 35 58
24 59 35 59
24 60 35 60
24 61 35 61
24 62 35 62
24 63 35 63
24 64 35 64
24 65 35 65
24 66 35 66
24 67 35 67
24 68 35 68
24 69 35 69
24 72 35 72
24 73 29 74
24 77 35 77
24 82 35 82
24 89 35 89
24 90 29 91
24 92 35 92
24 93 35 93
24 94 35 94
24 97 35 97
24 98 35 98
24 99 35 99
24 100 35 100
24 101 35 101
24 102 35 102
24 107 35 107
24 108 35 108
24 109 35 109
24 114 35 114
24 115 35 115
24 116 35 116
24 119 35 119
24 122 29 123
24 124 29 125
24 126 35 126
24 127 35 127
24 128 35 128
24 129 29 130
24 131 29 132
24 134 29 135
24 136 35 136
24 139 35 139
24 140 35 140
24 141 35 141
24 144 35 144
24 145 35 145
24 146 35 146
24 147 35 147
24 148 35 148
24 149 35 149
24 150 35 150
24 151 35 151
24 152 35 152
24 153 35 153
24 154 35 154
24 155 35 155
24 158 29 159
24 160 27 162
24 164 35 164
24 165 35 165
24 166 35 166
24 167 35 167
24 170 35 170
24 171 35 171
24 172 35 172
24 173 35 173
24 174 35 174
24 175 29 176
24 177 35 177
24 178 35 178
24 179 35 179
24 184 35 184
24 185 35 185
24 186 35 186
24 187 35 187
24 188 35 188
24 189 35 189
24 190 35 190
24 191 35 191
24 192 35 192
24 193 35 193
24 194 29 195
24 196 29 197
24 198 35 198
24 199 29 200
24 203 35 203
24 204 26 207
24 208 29 209
24 212 35 212
24 213 35 213
24 214 35 214
24 215 35 215
24 216 35 216
24 217 35 217
24 218 35 218
24 219 35 219
24 222 29 223
24 224 35 224
24 225 35 225
24 238 35 238
24 239 35 239
24 240 29 241
24 242 35 242
24 243 35 243
24 244 35 244
24 245 35 245
24 246 35 246
24 247 29 248
24 249 35 249
25 80 36 80
25 232 28 234
25 235 36 235
25 236 30 237
26 5 37 5
26 6 37 6
26 9 37 9
26 29 31 30
26 31 37 31
26 35 28 38
26 39 37 39
26 40 37 40
26 83 37 83
26 84 37 84
26 85 37 85
26 88 37 88
27 78 38 78
27 81 28 86
27 103 38 103
27 104 38 104
27 105 30 107
27 204 32 205
27 207 38 207
28 2 39 2
28 3 30 6
28 16 39 16
28 17 39 17
28 18 39 18
28 160 39 160
28 161 33 162
29 35 40 35
29 36 40 36
29 37 40 37
29 38 40 38
29 81 30 86
29 232 40 232
29 233 40 233
29 234 40 234
30 19 41 19
30 20 41 20
30 22 41 22
30 23 41 23
30 32 41 32
30 33 41 33
30 73 31 78
30 87 41 87
30 90 35 91
30 95 41 95
30 96 41 96
30 110 35 111
30 112 41 112
30 113 35 114
30 117 41 117
30 118 41 118
30 120 41 120
30 121 41 121
30 122 41 122
30 123 41 123
30 124 41 124
30 125 41 125
30 129 41 129
30 130 41 130
30 131 41 131
30 132 35 133
30 134 41 134
30 135 41 135
30 137 41 137
30 138 41 138
30 142 41 142
30 143 41 143
30 156 41 156
30 157 41 157
30 158 41 158
30 159 41 159
30 163 41 163
30 168 41 168
30 169 35 170
30 175 33 177
30 180 41 180
30 181 41 181
30 182 41 182
30 183 41 183
30 194 41 194
30 195 33 197
30 199 33 201
30 202 41 202
30 206 41 206
30 208 41 208
30 209 41 209
30 210 41 210
30 211 41 211
30 220 41 220
30 221 41 221
30 222 41 222
30 223 41 223
30 240 41 240
30 241 41 241
30 247 41 247
30 248 41 248
31 3 42 3
31 4 36 5
31 79 42 79
31 81 36 82
31 86 36 87
31 105 42 105
31 106 42 106
31 226 42 226
31 227 42 227
31 236 42 236
31 237 42 237
32 7 43 7
32 8 43 8
32 29 43 29
32 30 43 30
32 73 37 74
32 75 43 75
32 76 43 76
33 14 44 14
33 15 44 15
33 204 44 204
33 205 44 205
34 161 45 161
34 162 45 162
34 175 39 176
34 195 39 196
34 197 45 197
34 199 35 204
34 231 45 231
35 70 46 70
35 71 46 71
35 228 46 228
35 229 46 229
35 230 46 230
36 0 39 2
36 10 41 11
36 12 47 12
36 13 47 13
36 21 41 22
36 24 47 24
36 25 47 25
36 26 47 26
36 27 47 27
36 28 47 28
36 34 47 34
36 41 47 41
36 42 47 42
36 43 47 43
36 44 47 44
36 45 41 46
36 47 47 47
36 48 47 48
36 49 47 49
36 50 47 50
36 51 47 51
36 52 47 52
36 53 47 53
36 54 47 54
36 55 47 55
36 56 39 58
36 59 47 59
36 60 47 60
36 61 47 61
36 62 47 62
36 63 47 63
36 64 47 64
36 65 47 65
36 66 41 67
36 68 47 68
36 69 47 69
36 72 47 72
36 77 47 77
36 89 47 89
36 90 47 90
36 91 47 91
36 92 47 92
36 93 47 93
36 94 47 94
36 97 47 97
36 98 47 98
36 99 47 99
36 100 41 101
36 102 47 102
36 107 47 107
36 108 47 108
36 109 47 109
36 110 47 110
36 111 47 111
36 113 41 114
36 115 47 115
36 116 47 116
36 119 47 119
36 126 47 126
36 127 47 127
36 128 47 128
36 132 39 134
36 136 47 136
36 139 47 139
36 140 47 140
36 141 47 141
36 144 47 144
36 145 47 145
36 146 39 148
36 149 47 149
36 150 47 150
36 151 47 151
36 152 47 152
36 153 41 154
36 155 47 155
36 164 47 164
36 165 47 165
36 166 47 166
36 167 47 167
36 169 47 169
36 170 47 170
36 171 47 171
36 172 47 172
36 173 47 173
36 174 47 174
36 177 47 177
36 178 41 179
36 184 47 184
36 185 47 185
36 186 47 186
36 187 47 187
36 188 47 188
36 189 41 190
36 191 47 191
36 192 47 192
36 193 47 193
36 198 47 198
36 199 47 199
36 200 47 200
36 201 47 201
36 203 47 203
36 212 39 214
36 215 47 215
36 216 47 216
36 217 47 217
36 218 47 218
36 219 47 219
36 224 47 224
36 225 41 226
36 238 47 238
36 239 47 239
36 242 47 242
36 243 47 243
36 244 47 244
36 245 47 245
36 246 47 246
36 249 47 249
37 4 48 4
37 80 48 80
37 81 48 81
37 82 48 82
37 86 48 86
37 235 48 235
38 5 49 5
38 6 49 6
38 9 49 9
38 31 49 31
38 39 49 39
38 40 49 40
38 73 49 73
38 74 49 74
38 83 49 83
38 84 49 84
38 85 49 85
38 88 49 88
39 78 50 78
39 103 50 103
39 104 50 104
39 207 50 207
40 1 51 1
40 2 51 2
40 16 51 16
40 17 51 17
40 18 51 18
40 56 42 59
40 132 43 134
40 146 51 146
40 147 51 147
40 148 51 148
40 160 51 160
40 175 45 176
40 195 51 195
40 196 51 196
40 212 51 212
40 213 51 213
40 214 51 214
41 0 46 1
41 35 52 35
41 36 52 36
41 37 52 37
41 38 52 38
41 232 52 232
41 233 52 233
41 234 52 234
42 10 53 10
42 11 53 11
42 19 47 20
42 21 53 21
42 22 53 22
42 23 47 24
42 32 47 33
42 45 53 45
42 46 53 46
42 66 53 66
42 67 53 67
42 87 53 87
42 95 53 95
42 96 53 96
42 100 47 101
42 112 53 112
42 113 53 113
42 114 53 114
42 117 53 117
42 118 47 119
42 120 53 120
42 121 53 121
42 122 53 122
42 123 53 123
42 124 53 124
42 125 53 125
42 129 53 129
42 130 53 130
42 131 45 133
42 135 53 135
42 137 53 137
42 138 53 138
42 142 53 142
42 143 47 144
42 153 45 155
42 156 53 156
42 157 53 157
42 158 53 158
42 159 53 159
42 163 53 163
42 168 53 168
42 178 53 178
42 179 53 179
42 180 53 180
42 181 53 181
42 182 53 182
42 183 53 183
42 189 53 189
42 190 53 190
42 194 53 194
42 202 47 203
42 206 53 206
42 208 53 208
42 209 53 209
42 210 47 211
42 220 53 220
42 221 53 221
42 222 53 222
42 223 53 223
42 225 53 225
42 240 53 240
42 241 53 241
42 247 53 247
42 248 53 248
43 3 54 3
43 56 48 57
43 58 54 58
43 79 54 79
43 105 54 105
43 106 54 106
43 226 54 226
43 227 54 227
43 236 54 236
43 237 48 238
44 7 55 7
44 8 55 8
44 29 55 29
44 30 55 30
44 75 55 75
44 76 55 76
44 134 55 134
45 14 56 14
45 15 56 15
45 204 56 204
45 205 50 206
46 131 57 131
46 132 51 133
46 153 57 153
46 154 57 154
46 161 57 161
46 162 57 162
46 175 49 177
46 197 51 198
46 231 57 231
47 0 58 0
47 70 58 70
47 71 58 71
47 228 52 229
47 230 58 230
48 12 59 12
48 13 59 13
48 19 59 19
48 20 59 20
48 23 59 23
48 24 59 24
48 25 59 25
48 26 59 26
48 27 59 27
48 28 59 28
48 32 59 32
48 33 59 33
48 34 59 34
48 41 59 41
48 42 53 43
48 44 59 44
48 47 59 47
48 48 59 48
48 49 51 51
48 52 59 52
48 53 59 53
48 54 53 55
48 59 59 59
48 60 59 60
48 61 59 61
48 62 59 62
48 63 59 63
48 64 59 64
48 65 59 65
48 68 59 68
48 69 59 69
48 72 59 72
48 77 53 78
48 89 53 90
48 91 59 91
48 92 53 93
48 94 59 94
48 97 59 97
48 98 59 98
48 99 59 99
48 100 59 100
48 101 59 101
48 102 49 107
48 108 59 108
48 109 59 109
48 110 59 110
48 111 59 111
48 115 59 115
48 116 59 116
48 118 59 118
48 119 59 119
48 126 53 127
48 128 59 128
48 136 59 136
48 139 59 139
48 140 59 140
48 141 59 141
48 143 59 143
48 144 59 144
48 145 59 145
48 149 59 149
48 150 59 150
48 151 59 151
48 152 59 152
48 155 59 155
48 164 59 164
48 165 59 165
48 166 59 166
48 167 59 167
48 169 59 169
48 170 59 170
48 171 59 171
48 172 59 172
48 173 51 175
48 184 59 184
48 185 59 185
48 186 59 186
48 187 59 187
48 188 59 188
48 191 59 191
48 192 59 192
48 193 59 193
48 199 59 199
48 200 59 200
48 201 59 201
48 202 59 202
48 203 59 203
48 210 53 211
48 215 59 215
48 216 59 216
48 217 59 217
48 218 53 219
48 224 59 224
48 239 59 239
48 242 59 242
48 243 53 244
48 245 53 246
48 249 59 249
49 4 60 4
49 56 60 56
49 57 60 57
49 80 60 80
49 81 60 81
49 82 54 83
49 86 60 86
49 235 60 235
49 237 50 242
50 5 61 5
50 6 61 6
50 9 61 9
50 31 61 31
50 39 61 39
50 40 61 40
50 73 61 73
50 74 61 74
50 84 61 84
50 85 61 85
50 88 61 88
50 102 61 102
50 107 61 107
50 176 61 176
50 177 61 177
51 103 62 103
51 104 62 104
51 205 62 205
51 207 56 208
51 237 62 237
51 238 62 238
52 1 63 1
52 2 63 2
52 16 63 16
52 17 57 18
52 49 55 51
52 132 57 133
52 146 63 146
52 147 63 147
52 148 63 148
52 160 63 160
52 173 63 173
52 174 63 174
52 175 63 175
52 195 63 195
52 196 63 196
52 197 63 197
52 198 63 198
52 212 63 212
52 213 63 213
52 214 63 214
53 35 58 36
53 37 64 37
53 38 64 38
53 228 58 229
53 232 64 232
53 233 64 233
53 234 64 234
54 10 65 10
54 11 65 11
54 21 65 21
54 22 65 22
54 42 59 43
54 45 57 47
54 54 65 54
54 55 65 55
54 66 65 66
54 67 65 67
54 77 59 78
54 87 65 87
54 89 65 89
54 90 65 90
54 92 57 94
54 95 65 95
54 96 65 96
54 112 65 112
54 113 65 113
54 114 65 114
54 117 65 117
54 120 65 120
54 121 59 122
54 123 59 124
54 125 65 125
54 126 65 126
54 127 65 127
54 129 65 129
54 130 65 130
54 135 65 135
54 137 65 137
54 138 65 138
54 142 59 143
54 156 59 157
54 158 65 158
54 159 65 159
54 163 65 163
54 168 65 168
54 178 65 178
54 179 65 179
54 180 65 180
54 181 65 181
54 182 65 182
54 183 65 183
54 189 65 189
54 190 57 192
54 194 65 194
54 206 65 206
54 209 65 209
54 210 65 210
54 211 65 211
54 218 65 218
54 219 65 219
54 220 65 220
54 221 65 221
54 222 65 222
54 223 65 223
54 225 65 225
54 240 65 240
54 241 65 241
54 243 59 244
54 245 57 247
54 248 65 248
55 3 66 3
55 58 66 58
55 79 60 80
55 82 66 82
55 83 66 83
55 105 66 105
55 106 66 106
55 226 66 226
55 227 66 227
55 236 60 237
56 7 67 7
56 8 67 8
56 29 67 29
56 30 61 31
56 49 67 49
56 50 67 50
56 51 67 51
56 75 67 75
56 76 67 76
56 134 67 134
57 14 68 14
57 15 68 15
57 204 68 204
57 207 68 207
57 208 68 208
58 17 69 17
58 18 69 18
58 45 69 45
58 46 69 46
58 92 63 93
58 131 69 131
58 132 69 132
58 133 69 133
58 153 69 153
58 154 63 155
58 161 69 161
58 162 69 162
58 190 69 190
58 231 69 231
58 245 69 245
58 246 69 246
58 247 69 247
59 0 70 0
59 35 62 37
59 70 70 70
59 71 70 71
59 228 64 229
59 230 70 230
60 12 71 12
60 13 71 13
60 19 71 19
60 20 71 20
60 23 71 23
60 24 71 24
60 25 71 25
60 26 71 26
60 27 71 27
60 28 71 28
60 32 71 32
60 33 71 33
60 34 65 35
60 41 71 41
60 42 71 42
60 43 65 44
60 47 71 47
60 48 71 48
60 52 71 52
60 53 63 55
60 59 71 59
60 60 65 61
60 62 71 62
60 63 71 63
60 64 63 66
60 68 71 68
60 69 71 69
60 72 71 72
60 77 65 78
60 91 71 91
60 94 71 94
60 97 71 97
60 98 71 98
60 99 71 99
60 100 65 101
60 108 71 108
60 109 71 109
60 110 71 110
60 111 71 111
60 116 65 117
60 118 71 118
60 119 71 119
60 121 71 121
60 122 63 124
60 128 63 130
60 136 71 136
60 139 71 139
60 140 71 140
60 141 71 141
60 142 71 142
60 143 71 143
60 144 71 144
60 145 71 145
60 149 71 149
60 150 71 150
60 151 71 151
60 152 71 152
60 156 71 156
60 157 71 157
60 164 71 164
60 165 71 165
60 166 65 167
60 169 71 169
60 170 61 175
60 184 71 184
60 185 71 185
60 186 71 186
60 187 71 187
60 188 71 188
60 191 71 191
60 192 65 193
60 199 71 199
60 200 71 200
60 201 71 201
60 202 71 202
60 203 71 203
60 215 71 215
60 216 71 216
60 217 71 217
60 224 71 224
60 239 65 240
60 242 71 242
60 243 71 243
60 244 71 244
60 249 71 249
61 4 72 4
61 56 72 56
61 57 72 57
61 79 72 79
61 80 72 80
61 81 72 81
61 86 72 86
61 115 61 126
61 235 62 240
62 5 73 5
62 6 67 7
62 9 73 9
62 30 73 30
62 31 73 31
62 39 73 39
62 40 73 40
62 73 73 73
62 74 73 74
62 84 73 84
62 85 65 87
62 88 73 88
62 102 73 102
62 107 73 107
62 115 65 117
62 170 63 175
62 176 73 176
62 177 73 177
63 36 74 36
63 103 74 103
63 104 68 105
63 205 74 205
63 235 74 235
63 236 64 241
64 1 75 1
64 2 75 2
64 16 75 16
64 53 75 53
64 64 75 64
64 65 75 65
64 92 75 92
64 93 75 93
64 122 75 122
64 123 75 123
64 124 75 124
64 128 75 128
64 146 75 146
64 147 75 147
64 148 75 148
64 154 69 155
64 160 75 160
64 170 69 171
64 172 75 172
64 173 75 173
64 174 75 174
64 175 75 175
64 195 75 195
64 196 75 196
64 197 75 197
64 198 69 199
64 212 75 212
64 213 75 213
64 214 75 214
65 37 76 37
65 38 76 38
65 228 76 228
65 229 76 229
65 232 76 232
65 233 76 233
65 234 76 234
65 236 68 238
66 10 77 10
66 11 77 11
66 21 77 21
66 22 71 23
66 34 77 34
66 35 77 35
66 43 69 45
66 54 77 54
66 55 77 55
66 60 71 61
66 66 77 66
66 67 77 67
66 77 71 78
66 85 77 85
66 87 77 87
66 89 77 89
66 90 77 90
66 95 77 95
66 96 77 96
66 100 77 100
66 101 77 101
66 112 77 112
66 113 71 114
66 115 77 115
66 116 71 117
66 120 71 121
66 125 77 125
66 126 77 126
66 127 77 127
66 129 77 129
66 130 77 130
66 135 69 137
66 138 77 138
66 158 77 158
66 159 77 159
66 163 77 163
66 166 77 166
66 167 77 167
66 168 77 168
66 178 77 178
66 179 77 179
66 180 77 180
66 181 77 181
66 182 69 184
66 189 71 190
66 192 77 192
66 193 77 193
66 194 77 194
66 206 77 206
66 209 77 209
66 210 71 211
66 218 77 218
66 219 77 219
66 220 77 220
66 221 71 222
66 223 77 223
66 225 77 225
66 239 69 241
66 248 77 248
67 3 78 3
67 58 78 58
67 82 78 82
67 83 78 83
67 106 78 106
67 226 72 227
68 6 79 6
68 7 79 7
68 8 79 8
68 29 71 31
68 49 79 49
68 50 79 50
68 51 79 51
68 75 73 76
68 134 73 135
69 14 80 14
69 15 80 15
69 104 70 109
69 204 80 204
69 207 80 207
69 208 80 208
69 236 80 236
69 237 80 237
69 238 80 238
70 17 81 17
70 18 81 18
70 43 73 45
70 131 81 131
70 132 81 132
70 133 81 133
70 137 81 137
70 153 81 153
70 154 81 154
70 161 81 161
70 162 75 163
70 170 81 170
70 171 81 171
70 182 73 184
70 198 81 198
70 231 81 231
70 239 73 241
70 245 81 245
70 246 81 246
70 247 81 247
71 0 76 1
71 46 82 46
71 70 74 72
71 104 82 104
71 105 82 105
71 155 71 166
71 230 82 230
72 12 83 12
72 13 83 13
72 19 77 20
72 22 83 22
72 23 83 23
72 24 83 24
72 25 83 25
72 26 74 29
72 32 83 32
72 33 77 34
72 41 77 42
72 47 83 47
72 48 83 48
72 52 83 52
72 59 83 59
72 60 83 60
72 61 83 61
72 62 83 62
72 63 83 63
72 68 83 68
72 69 83 69
72 77 83 77
72 78 83 78
72 91 83 91
72 94 83 94
72 97 83 97
72 98 83 98
72 99 83 99
72 108 77 109
72 110 75 112
72 113 83 113
72 114 83 114
72 116 83 116
72 117 77 118
72 119 73 124
72 136 83 136
72 139 83 139
72 140 77 141
72 142 83 142
72 143 83 143
72 144 83 144
72 145 83 145
72 149 83 149
72 150 83 150
72 151 83 151
72 152 83 152
72 155 74 158
72 164 83 164
72 165 83 165
72 169 83 169
72 185 83 185
72 186 77 187
72 188 83 188
72 189 83 189
72 190 83 190
72 191 83 191
72 199 77 200
72 201 77 202
72 203 83 203
72 210 83 210
72 211 83 211
72 215 83 215
72 216 83 216
72 217 83 217
72 221 77 222
72 224 83 224
72 242 77 243
72 244 83 244
72 249 83 249
73 4 84 4
73 56 84 56
73 57 84 57
73 79 84 79
73 80 84 80
73 81 84 81
73 86 84 86
73 226 84 226
73 227 84 227
74 5 85 5
74 9 85 9
74 30 85 30
74 31 85 31
74 39 85 39
74 40 85 40
74 43 85 43
74 44 85 44
74 45 77 47
74 73 85 73
74 74 85 74
74 75 85 75
74 76 77 78
74 84 85 84
74 88 85 88
74 102 85 102
74 107 85 107
74 119 75 124
74 134 85 134
74 135 85 135
74 176 85 176
74 177 85 177
74 182 79 183
74 184 85 184
74 241 79 242
75 26 86 26
75 27 86 27
75 28 86 28
75 29 86 29
75 36 86 36
75 70 78 72
75 103 86 103
75 155 80 156
75 157 86 157
75 205 80 206
75 235 86 235
75 239 86 239
76 2 87 2
76 16 87 16
76 53 87 53
76 64 87 64
76 65 87 65
76 92 87 92
76 93 87 93
76 110 87 110
76 111 87 111
76 119 87 119
76 120 76 131
76 146 87 146
76 147 87 147
76 148 87 148
76 160 87 160
76 162 87 162
76 172 87 172
76 173 87 173
76 174 87 174
76 175 87 175
76 195 79 197
76 212 87 212
76 213 77 218
76 240 78 243
77 0 88 0
77 1 82 2
77 37 88 37
77 38 88 38
77 120 79 123
77 124 88 124
77 128 88 128
77 228 88 228
77 229 88 229
77 232 88 232
77 233 88 233
77 234 88 234
78 10 89 10
78 11 89 11
78 19 89 19
78 20 89 20
78 21 89 21
78 33 89 33
78 34 89 34
78 35 89 35
78 41 89 41
78 42 89 42
78 45 83 46
78 54 89 54
78 55 83 56
78 66 89 66
78 67 81 69
78 76 78 87
78 89 89 89
78 90 89 90
78 95 83 96
78 100 80 103
78 108 89 108
78 109 89 109
78 112 89 112
78 115 89 115
78 117 81 119
78 125 89 125
78 126 89 126
78 127 89 127
78 129 89 129
78 130 89 130
78 138 89 138
78 140 89 140
78 141 89 141
78 158 89 158
78 159 89 159
78 163 89 163
78 166 89 166
78 167 89 167
78 168 89 168
78 178 89 178
78 179 89 179
78 180 89 180
78 181 89 181
78 186 83 187
78 192 89 192
78 193 89 193
78 194 78 205
78 209 89 209
78 213 83 214
78 218 89 218
78 219 89 219
78 220 89 220
78 221 89 221
78 222 89 222
78 223 89 223
78 225 89 225
78 248 89 248
79 3 90 3
79 58 90 58
79 70 84 71
79 72 84 73
79 76 90 76
79 82 90 82
79 83 90 83
79 85 90 85
79 87 90 87
79 106 90 106
79 199 90 199
79 200 90 200
79 201 90 201
79 202 90 202
79 240 90 240
79 243 82 245
80 6 91 6
80 7 91 7
80 8 91 8
80 49 91 49
80 50 91 50
80 51 91 51
80 120 81 125
80 182 85 183
80 194 80 205
80 241 91 241
80 242 91 242
81 14 84 16
81 100 92 100
81 101 84 103
81 155 92 155
81 156 92 156
81 194 92 194
81 196 86 197
81 204 86 205
81 206 92 206
81 207 92 207
81 208 92 208
81 236 92 236
81 237 92 237
81 238 92 238
82 17 93 17
82 18 93 18
82 67 93 67
82 117 93 117
82 118 93 118
82 120 87 121
82 122 93 122
82 123 93 123
82 131 93 131
82 132 93 132
82 133 93 133
82 137 93 137
82 153 93 153
82 154 93 154
82 161 85 163
82 170 93 170
82 171 93 171
82 195 85 197
82 198 93 198
82 231 93 231
82 246 87 247
83 1 94 1
83 104 94 104
83 105 94 105
83 230 94 230
83 243 94 243
83 245 94 245
84 12 95 12
84 13 89 14
84 22 95 22
84 23 95 23
84 24 95 24
84 25 95 25
84 32 87 34
84 45 95 45
84 46 95 46
84 47 95 47
84 48 95 48
84 52 95 52
84 55 86 58
84 59 95 59
84 60 95 60
84 61 95 61
84 62 95 62
84 63 95 63
84 68 87 70
84 77 95 77
84 78 95 78
84 91 95 91
84 94 95 94
84 95 95 95
84 96 95 96
84 97 95 97
84 98 95 98
84 99 89 100
84 113 95 113
84 114 95 114
84 116 95 116
84 136 95 136
84 139 89 140
84 142 95 142
84 143 95 143
84 144 95 144
84 145 95 145
84 149 95 149
84 150 86 153
84 164 95 164
84 165 95 165
84 169 95 169
84 185 95 185
84 186 95 186
84 187 95 187
84 188 95 188
84 189 95 189
84 190 95 190
84 191 89 192
84 203 95 203
84 210 95 210
84 211 89 212
84 213 95 213
84 214 95 214
84 215 89 216
84 217 95 217
84 224 95 224
84 244 95 244
85 4 96 4
85 15 90 16
85 71 96 71
85 72 96 72
85 79 96 79
85 80 96 80
85 81 96 81
85 86 96 86
85 101 90 102
85 226 96 226
85 227 96 227
86 5 97 5
86 9 97 9
86 30 97 30
86 31 97 31
86 39 97 39
86 40 97 40
86 43 89 45
86 73 97 73
86 74 97 74
86 75 97 75
86 84 97 84
86 88 97 88
86 107 97 107
86 134 97 134
86 135 97 135
86 161 97 161
86 176 97 176
86 177 97 177
86 182 97 182
86 183 97 183
86 184 91 185
86 195 97 195
86 249 97 249
87 26 98 26
87 27 98 27
87 28 98 28
87 29 98 29
87 36 98 36
87 55 98 55
87 56 98 56
87 57 98 57
87 103 98 103
87 150 98 150
87 151 98 151
87 152 98 152
87 157 98 157
87 196 92 197
87 204 92 205
87 235 98 235
87 239 98 239
88 2 99 2
88 32 99 32
88 53 99 53
88 64 93 65
88 68 89 73
88 92 99 92
88 93 99 93
88 110 88 121
88 146 89 151
88 160 90 163
88 172 99 172
88 173 99 173
88 174 99 174
88 175 93 176
88 246 99 246
88 247 99 247
89 0 94 1
89 37 100 37
89 38 91 41
89 110 92 112
89 119 100 119
89 120 94 121
89 124 100 124
89 128 100 128
89 228 100 228
89 229 100 229
89 232 100 232
89 233 100 233
89 234 100 234
90 10 101 10
90 11 101 11
90 13 101 13
90 14 101 14
90 19 101 19
90 20 101 20
90 21 93 23
90 33 101 33
90 34 95 35
90 42 101 42
90 43 91 48
90 54 101 54
90 66 101 66
90 68 101 68
90 69 101 69
90 70 101 70
90 89 101 89
90 90 101 90
90 99 95 100
90 108 101 108
90 109 101 109
90 115 101 115
90 125 101 125
90 126 95 127
90 129 95 130
90 138 101 138
90 139 101 139
90 140 101 140
90 141 101 141
90 146 95 147
90 148 101 148
90 158 101 158
90 159 101 159
90 166 95 167
90 168 101 168
90 178 101 178
90 179 93 181
90 191 101 191
90 192 101 192
90 193 101 193
90 209 101 209
90 211 101 211
90 212 101 212
90 215 91 220
90 221 101 221
90 222 101 222
90 223 95 224
90 225 101 225
90 248 101 248
91 3 102 3
91 15 94 17
91 58 96 59
91 76 102 76
91 82 102 82
91 83 102 83
91 85 102 85
91 87 102 87
91 101 91 112
91 160 102 160
91 162 102 162
91 163 96 164
91 199 102 199
91 200 102 200
91 201 96 202
91 240 102 240
92 6 103 6
92 7 97 8
92 38 103 38
92 41 103 41
92 43 103 43
92 44 97 45
92 49 103 49
92 50 103 50
92 51 103 51
92 101 103 101
92 102 103 102
92 106 103 106
92 184 95 186
92 215 103 215
92 216 103 216
92 218 103 218
92 219 103 219
92 220 95 222
92 241 103 241
92 242 103 242
93 110 96 112
93 155 104 155
93 156 98 157
93 194 104 194
93 196 104 196
93 197 104 197
93 204 104 204
93 205 104 205
93 206 104 206
93 207 104 207
93 208 104 208
93 236 104 236
93 237 104 237
93 238 104 238
94 18 99 19
94 21 99 22
94 64 105 64
94 65 105 65
94 67 105 67
94 117 105 117
94 118 105 118
94 122 105 122
94 123 105 123
94 131 105 131
94 132 105 132
94 133 99 134
94 137 105 137
94 153 105 153
94 154 105 154
94 170 105 170
94 171 105 171
94 175 105 175
94 179 105 179
94 180 105 180
94 181 105 181
94 198 105 198
94 231 105 231
95 0 97 3
95 15 106 15
95 16 106 16
95 17 106 17
95 104 106 104
95 105 106 105
95 120 100 121
95 230 106 230
95 243 106 243
95 245 106 245
96 12 107 12
96 23 107 23
96 24 99 26
96 34 107 34
96 35 107 35
96 46 107 46
96 47 101 48
96 52 107 52
96 60 107 60
96 61 107 61
96 62 107 62
96 63 107 63
96 77 107 77
96 78 107 78
96 91 107 91
96 94 107 94
96 95 107 95
96 96 107 96
96 97 107 97
96 98 98 101
96 113 101 114
96 116 107 116
96 126 107 126
96 127 107 127
96 129 107 129
96 130 107 130
96 136 107 136
96 142 107 142
96 143 107 143
96 144 107 144
96 145 107 145
96 146 107 146
96 147 107 147
96 149 107 149
96 165 107 165
96 166 107 166
96 167 107 167
96 169 107 169
96 184 101 185
96 186 107 186
96 187 107 187
96 188 107 188
96 189 107 189
96 190 107 190
96 203 107 203
96 210 99 212
96 213 107 213
96 214 107 214
96 217 101 218
96 220 107 220
96 223 107 223
96 224 107 224
96 244 107 244
97 4 108 4
97 58 108 58
97 59 108 59
97 71 108 71
97 72 108 72
97 79 108 79
97 80 108 80
97 81 102 82
97 86 108 86
97 110 108 110
97 111 108 111
97 112 102 113
97 163 102 164
97 201 108 201
97 202 108 202
97 226 108 226
97 227 108 227
98 0 103 1
98 5 109 5
98 7 109 7
98 8 109 8
98 9 109 9
98 30 109 30
98 31 109 31
98 39 109 39
98 40 98 51
98 73 109 73
98 74 109 74
98 75 103 76
98 84 109 84
98 88 109 88
98 107 109 107
98 135 109 135
98 161 109 161
98 177 109 177
98 182 109 182
98 183 109 183
98 195 109 195
99 27 110 27
99 28 102 30
99 36 110 36
99 40 110 40
99 44 110 44
99 45 110 45
99 55 110 55
99 56 110 56
99 57 110 57
99 98 104 99
99 100 110 100
99 103 110 103
99 150 110 150
99 151 110 151
99 152 110 152
99 156 110 156
99 157 110 157
99 176 110 176
99 235 110 235
99 239 110 239
100 2 111 2
100 18 103 20
100 21 105 22
100 24 111 24
100 25 111 25
100 26 111 26
100 32 111 32
100 53 111 53
100 92 111 92
100 93 111 93
100 133 101 138
100 172 111 172
100 173 111 173
100 174 111 174
100 210 105 211
100 246 102 249
101 37 112 37
101 119 112 119
101 120 112 120
101 121 112 121
101 124 112 124
101 128 112 128
101 228 112 228
101 229 112 229
101 232 106 233
101 234 112 234
102 10 105 12
102 13 113 13
102 14 113 14
102 33 113 33
102 42 113 42
102 47 107 48
102 54 113 54
102 66 113 66
102 68 113 68
102 69 113 69
102 70 113 70
102 89 113 89
102 90 107 91
102 108 113 108
102 109 113 109
102 114 113 114
102 115 113 115
102 125 113 125
102 133 107 134
102 138 113 138
102 139 107 140
102 141 113 141
102 148 107 149
102 158 113 158
102 159 104 162
102 168 113 168
102 178 107 179
102 184 113 184
102 185 113 185
102 191 113 191
102 192 113 192
102 193 113 193
102 209 113 209
102 212 113 212
102 217 113 217
102 221 113 221
102 222 113 222
102 225 113 225
103 3 114 3
103 28 114 28
103 29 108 30
103 81 108 82
103 83 114 83
103 85 114 85
103 87 114 87
103 112 114 112
103 113 114 113
103 163 114 163
103 164 114 164
103 199 114 199
103 200 114 200
103 240 114 240
103 246 114 246
103 247 114 247
103 248 114 248
104 0 115 0
104 1 115 1
104 6 115 6
104 18 109 19
104 20 115 20
104 38 115 38
104 41 115 41
104 43 115 43
104 49 109 50
104 51 109 52
104 75 115 75
104 76 115 76
104 101 115 101
104 102 115 102
104 106 109 107
104 215 115 215
104 216 109 217
104 218 115 218
104 219 109 220
104 241 115 241
104 242 115 242
105 98 116 98
105 99 110 100
105 155 108 157
105 160 116 160
105 162 116 162
105 194 110 195
105 196 116 196
105 197 116 197
105 204 116 204
105 205 116 205
105 206 116 206
105 207 116 207
105 208 116 208
105 236 116 236
105 237 116 237
105 238 108 240
106 10 109 12
106 21 117 21
106 22 117 22
106 64 117 64
106 65 117 65
106 67 117 67
106 117 117 117
106 118 109 120
106 122 117 122
106 123 117 123
106 131 117 131
106 132 117 132
106 137 117 137
106 153 117 153
106 154 117 154
106 159 109 161
106 170 117 170
106 171 117 171
106 175 111 176
106 180 117 180
106 181 117 181
106 198 117 198
106 210 109 212
106 231 117 231
107 15 118 15
107 16 118 16
107 17 118 17
107 104 118 104
107 105 118 105
107 230 118 230
107 232 112 233
107 243 118 243
107 245 118 245
108 23 119 23
108 34 119 34
108 35 119 35
108 46 119 46
108 47 119 47
108 48 119 48
108 60 113 61
108 62 113 63
108 77 119 77
108 78 113 79
108 90 111 92
108 94 119 94
108 95 119 95
108 96 119 96
108 97 119 97
108 116 119 116
108 126 113 127
108 129 119 129
108 130 119 130
108 133 119 133
108 134 119 134
108 136 119 136
108 139 119 139
108 140 119 140
108 142 119 142
108 143 119 143
108 144 119 144
108 145 113 146
108 147 119 147
108 148 110 151
108 165 119 165
108 166 119 166
108 167 119 167
108 169 119 169
108 178 119 178
108 179 119 179
108 186 119 186
108 187 119 187
108 188 119 188
108 189 119 189
108 190 119 190
108 203 119 203
108 213 119 213
108 214 119 214
108 223 119 223
108 224 119 224
108 244 119 244
108 249 119 249
109 4 120 4
109 29 111 32
109 58 120 58
109 59 120 59
109 71 120 71
109 72 120 72
109 80 114 81
109 82 120 82
109 86 120 86
109 110 120 110
109 111 120 111
109 155 111 158
109 201 120 201
109 202 120 202
109 226 120 226
109 227 120 227
109 238 120 238
110 5 121 5
110 7 121 7
110 8 121 8
110 9 115 10
110 11 121 11
110 12 113 14
110 18 121 18
110 19 121 19
110 39 121 39
110 49 121 49
110 50 121 50
110 51 121 51
110 52 121 52
110 73 115 74
110 84 121 84
110 88 121 88
110 106 121 106
110 107 121 107
110 118 121 118
110 135 121 135
110 159 121 159
110 161 121 161
110 177 115 178
110 182 121 182
110 183 121 183
110 210 121 210
110 211 121 211
110 216 121 216
110 219 121 219
110 220 121 220
111 27 122 27
111 36 122 36
111 40 122 40
111 44 122 44
111 45 122 45
111 55 122 55
111 56 122 56
111 57 122 57
111 99 122 99
111 100 122 100
111 103 122 103
111 148 113 151
111 152 122 152
111 194 122 194
111 195 122 195
111 235 122 235
111 239 122 239
112 2 123 2
112 24 123 24
112 25 123 25
112 26 123 26
112 29 123 29
112 30 123 30
112 31 123 31
112 32 117 33
112 53 123 53
112 90 117 91
112 92 123 92
112 93 123 93
112 155 123 155
112 156 123 156
112 157 123 157
112 172 123 172
112 173 123 173
112 174 123 174
112 175 123 175
112 176 123 176
113 37 124 37
113 119 124 119
113 120 124 120
113 121 118 122
113 124 124 124
113 128 124 128
113 228 124 228
113 229 124 229
113 232 124 232
113 233 124 233
113 234 124 234
114 12 115 17
114 42 125 42
114 54 119 55
114 60 119 61
114 62 125 62
114 63 125 63
114 66 125 66
114 68 125 68
114 69 125 69
114 70 119 71
114 78 125 78
114 79 115 84
114 89 125 89
114 108 125 108
114 109 125 109
114 114 125 114
114 115 125 115
114 125 125 125
114 126 125 126
114 127 125 127
114 138 125 138
114 141 125 141
114 145 125 145
114 146 125 146
114 148 125 148
114 149 125 149
114 150 125 150
114 151 125 151
114 158 125 158
114 168 125 168
114 184 125 184
114 185 125 185
114 191 125 191
114 192 125 192
114 193 125 193
114 209 125 209
114 212 125 212
114 217 125 217
114 221 125 221
114 222 125 222
114 225 125 225
115 3 126 3
115 28 120 29
115 85 126 85
115 87 126 87
115 112 126 112
115 113 126 113
115 163 126 163
115 164 126 164
115 199 126 199
115 200 126 200
115 240 115 249
116 0 127 0
116 1 121 2
116 6 127 6
116 9 127 9
116 10 127 10
116 12 121 13
116 14 121 15
116 20 127 20
116 38 127 38
116 41 127 41
116 43 127 43
116 73 121 74
116 75 127 75
116 76 127 76
116 79 119 81
116 83 127 83
116 101 127 101
116 102 127 102
116 177 127 177
116 215 127 215
116 218 127 218
116 240 121 241
116 242 127 242
116 246 127 246
116 247 127 247
116 248 127 248
117 98 128 98
117 160 128 160
117 162 128 162
117 196 128 196
117 197 128 197
117 204 128 204
117 205 128 205
117 206 128 206
117 207 128 207
117 208 128 208
117 236 128 236
117 237 128 237
118 21 129 21
118 22 121 24
118 32 120 35
118 64 129 64
118 65 129 65
118 67 129 67
118 90 123 91
118 117 129 117
118 123 129 123
118 131 129 131
118 132 129 132
118 137 129 137
118 153 129 153
118 154 123 155
118 170 129 170
118 171 129 171
118 180 129 180
118 181 129 181
118 198 129 198
118 231 129 231
119 16 130 16
119 17 124 18
119 104 130 104
119 105 124 106
119 121 124 122
119 230 130 230
119 243 130 243
119 245 130 245
120 46 131 46
120 47 131 47
120 48 131 48
120 54 125 55
120 60 131 60
120 61 131 61
120 70 123 72
120 77 125 78
120 79 131 79
120 80 131 80
120 81 131 81
120 94 131 94
120 95 131 95
120 96 131 96
120 97 131 97
120 116 131 116
120 129 131 129
120 130 131 130
120 133 131 133
120 134 131 134
120 136 131 136
120 139 131 139
120 140 131 140
120 142 125 143
120 144 131 144
120 147 131 147
120 165 131 165
120 166 120 177
120 178 131 178
120 179 131 179
120 186 131 186
120 187 131 187
120 188 131 188
120 189 131 189
120 190 125 191
120 203 131 203
120 213 131 213
120 214 131 214
120 223 131 223
120 224 131 224
120 244 131 244
120 249 131 249
121 4 132 4
121 28 132 28
121 32 121 43
121 58 132 58
121 59 132 59
121 82 132 82
121 86 132 86
121 110 132 110
121 111 132 111
121 166 126 167
121 169 126 170
121 201 132 201
121 202 132 202
121 226 132 226
121 227 132 227
121 238 132 238
122 1 133 1
122 5 133 5
122 7 133 7
122 8 133 8
122 11 133 11
122 12 127 13
122 14 133 14
122 15 133 15
122 19 127 20
122 22 122 33
122 34 133 34
122 35 133 35
122 39 133 39
122 49 133 49
122 50 133 50
122 51 133 51
122 52 133 52
122 73 127 74
122 84 133 84
122 88 133 88
122 107 133 107
122 118 133 118
122 135 133 135
122 159 133 159
122 161 133 161
122 182 133 182
122 183 133 183
122 210 133 210
122 211 133 211
122 216 133 216
122 219 133 219
122 220 133 220
122 240 133 240
122 241 133 241
123 22 123 33
123 36 128 37
123 40 134 40
123 44 134 44
123 45 134 45
123 56 134 56
123 57 134 57
123 99 134 99
123 100 134 100
123 103 134 103
123 152 134 152
123 194 128 195
123 235 134 235
123 239 134 239
124 2 135 2
124 22 135 22
124 23 135 23
124 24 135 24
124 25 135 25
124 26 135 26
124 27 135 27
124 29 135 29
124 30 135 30
124 31 135 31
124 32 135 32
124 33 127 35
124 53 135 53
124 70 135 70
124 71 135 71
124 72 135 72
124 90 135 90
124 91 135 91
124 92 135 92
124 93 135 93
124 154 135 154
124 155 135 155
124 156 135 156
124 157 135 157
124 172 129 173
124 174 129 175
124 176 135 176
125 17 128 19
125 105 130 106
125 119 136 119
125 120 136 120
125 121 136 121
125 122 136 122
125 124 136 124
125 128 136 128
125 228 136 228
125 229 125 240
126 42 137 42
126 54 137 54
126 55 137 55
126 62 137 62
126 63 137 63
126 66 131 67
126 68 131 69
126 77 129 79
126 89 137 89
126 108 137 108
126 109 137 109
126 114 137 114
126 115 137 115
126 125 137 125
126 126 137 126
126 127 137 127
126 138 137 138
126 141 137 141
126 142 137 142
126 143 137 143
126 145 137 145
126 146 137 146
126 148 137 148
126 149 137 149
126 150 137 150
126 151 137 151
126 158 137 158
126 168 137 168
126 184 131 185
126 190 137 190
126 191 137 191
126 192 137 192
126 193 137 193
126 209 137 209
126 212 137 212
126 217 137 217
126 221 137 221
126 222 131 223
126 225 137 225
126 229 127 234
127 3 138 3
127 85 138 85
127 87 138 87
127 112 138 112
127 113 138 113
127 163 132 164
127 166 138 166
127 167 138 167
127 169 138 169
127 199 138 199
127 200 138 200
128 0 139 0
128 6 133 7
128 9 139 9
128 10 139 10
128 12 129 17
128 20 139 20
128 33 131 35
128 38 139 38
128 41 139 41
128 43 139 43
128 73 129 78
128 83 139 83
128 101 139 101
128 102 139 102
128 177 139 177
128 215 139 215
128 218 139 218
128 229 139 229
128 232 133 233
128 234 139 234
128 242 139 242
128 246 139 246
128 247 139 247
128 248 139 248
129 18 140 18
129 19 140 19
129 36 140 36
129 37 140 37
129 98 140 98
129 160 140 160
129 162 140 162
129 194 132 196
129 197 140 197
129 204 140 204
129 205 140 205
129 206 140 206
129 207 140 207
129 208 140 208
129 236 140 236
129 237 134 238
130 12 135 13
130 17 135 18
130 21 141 21
130 64 141 64
130 65 141 65
130 73 141 73
130 74 141 74
130 75 141 75
130 76 141 76
130 77 135 78
130 117 141 117
130 123 135 124
130 131 141 131
130 132 141 132
130 137 141 137
130 153 141 153
130 170 141 170
130 171 141 171
130 172 141 172
130 173 141 173
130 174 135 175
130 180 141 180
130 181 141 181
130 198 141 198
130 231 141 231
131 16 142 16
131 104 136 105
131 106 142 106
131 230 142 230
131 243 142 243
131 245 142 245
132 33 135 35
132 46 143 46
132 47 137 48
132 60 143 60
132 61 143 61
132 66 143 66
132 67 143 67
132 68 143 68
132 69 143 69
132 79 143 79
132 80 143 80
132 81 132 92
132 94 143 94
132 95 143 95
132 96 137 97
132 116 143 116
132 129 143 129
132 130 143 130
132 133 143 133
132 134 137 135
132 136 143 136
132 139 143 139
132 140 143 140
132 144 143 144
132 147 143 147
132 165 143 165
132 178 143 178
132 179 143 179
132 184 143 184
132 185 143 185
132 186 143 186
132 187 143 187
132 188 143 188
132 189 143 189
132 203 143 203
132 213 143 213
132 214 143 214
132 222 135 224
132 244 143 244
132 249 143 249
133 4 144 4
133 28 138 29
133 58 144 58
133 59 144 59
133 81 134 86
133 110 134 115
133 163 144 163
133 164 144 164
133 194 144 194
133 195 144 195
133 196 144 196
133 201 144 201
133 202 144 202
133 226 144 226
133 227 144 227
134 1 145 1
134 5 145 5
134 6 145 6
134 7 145 7
134 8 145 8
134 11 145 11
134 14 145 14
134 15 145 15
134 39 145 39
134 49 145 49
134 50 145 50
134 51 145 51
134 52 145 52
134 88 145 88
134 107 145 107
134 118 145 118
134 159 145 159
134 161 145 161
134 182 145 182
134 183 145 183
134 210 145 210
134 211 145 211
134 216 145 216
134 219 145 219
134 220 145 220
134 232 139 233
134 240 145 240
134 241 145 241
135 40 146 40
135 44 146 44
135 45 146 45
135 56 146 56
135 57 146 57
135 81 140 82
135 84 140 85
135 86 146 86
135 99 146 99
135 100 146 100
135 103 146 103
135 110 136 115
135 152 146 152
135 235 146 235
135 237 140 238
135 239 146 239
136 2 147 2
136 12 147 12
136 13 147 13
136 17 147 17
136 22 147 22
136 23 141 24
136 25 147 25
136 26 147 26
136 27 141 28
136 30 147 30
136 31 147 31
136 33 139 35
136 53 147 53
136 70 147 70
136 71 141 72
136 77 147 77
136 78 147 78
136 90 147 90
136 91 141 92
136 93 147 93
136 123 147 123
136 154 147 154
136 155 137 160
136 174 141 175
136 176 147 176
136 222 147 222
136 223 141 224
137 32 137 43
137 104 148 104
137 105 148 105
137 110 142 111
137 119 148 119
137 120 140 122
137 124 142 125
137 128 148 128
137 228 148 228
138 32 149 32
138 42 149 42
138 47 149 47
138 48 149 48
138 54 149 54
138 55 149 55
138 62 149 62
138 63 149 63
138 89 149 89
138 96 149 96
138 97 149 97
138 108 143 109
138 114 149 114
138 115 143 116
138 126 143 127
138 134 149 134
138 135 149 135
138 138 149 138
138 141 149 141
138 142 149 142
138 143 149 143
138 145 143 146
138 148 143 149
138 150 138 161
138 168 149 168
138 190 149 190
138 191 149 191
138 192 149 192
138 193 149 193
138 209 149 209
138 212 149 212
138 217 149 217
138 221 149 221
138 225 149 225
139 3 150 3
139 29 150 29
139 87 150 87
139 112 150 112
139 113 150 113
139 150 144 151
139 155 142 157
139 158 144 159
139 166 150 166
139 167 150 167
139 169 144 170
139 199 150 199
139 200 150 200
140 0 151 0
140 9 151 9
140 10 151 10
140 20 151 20
140 33 145 34
140 35 141 40
140 41 151 41
140 43 151 43
140 83 151 83
140 101 151 101
140 102 151 102
140 177 151 177
140 215 151 215
140 218 151 218
140 229 151 229
140 232 151 232
140 233 151 233
140 234 151 234
140 242 151 242
140 246 151 246
140 247 151 247
140 248 151 248
141 18 152 18
141 19 146 20
141 81 143 84
141 85 152 85
141 98 146 99
141 120 152 120
141 121 152 121
141 122 152 122
141 160 152 160
141 162 146 163
141 197 146 198
141 204 143 207
141 208 152 208
141 236 152 236
141 237 152 237
141 238 146 239
142 21 153 21
142 23 153 23
142 24 153 24
142 27 153 27
142 28 147 29
142 35 145 37
142 38 153 38
142 64 153 64
142 65 153 65
142 71 147 72
142 73 147 74
142 75 153 75
142 76 147 77
142 91 153 91
142 92 153 92
142 117 153 117
142 131 153 131
142 132 153 132
142 137 153 137
142 153 153 153
142 171 153 171
142 172 153 172
142 173 153 173
142 174 153 174
142 175 153 175
142 180 153 180
142 181 145 183
142 223 153 223
142 224 153 224
142 231 143 236
143 16 154 16
143 106 154 106
143 110 146 112
143 124 154 124
143 125 154 125
143 155 154 155
143 156 144 161
143 230 154 230
143 243 144 248
144 46 149 47
144 60 155 60
144 61 155 61
144 66 155 66
144 67 155 67
144 68 155 68
144 69 149 70
144 79 155 79
144 80 155 80
144 81 155 81
144 82 155 82
144 84 155 84
144 94 155 94
144 95 155 95
144 108 155 108
144 109 155 109
144 115 155 115
144 116 155 116
144 126 155 126
144 127 155 127
144 129 155 129
144 130 155 130
144 133 155 133
144 136 155 136
144 139 155 139
144 140 155 140
144 144 155 144
144 145 155 145
144 146 155 146
144 147 155 147
144 148 155 148
144 149 155 149
144 165 155 165
144 178 155 178
144 179 147 181
144 184 155 184
144 185 155 185
144 186 155 186
144 187 155 187
144 188 155 188
144 189 155 189
144 203 155 203
144 204 149 205
144 207 155 207
144 213 149 214
144 249 155 249
145 4 156 4
145 58 156 58
145 59 156 59
145 150 156 150
145 151 156 151
145 156 148 158
145 164 156 164
145 169 156 169
145 170 148 172
145 194 156 194
145 195 156 195
145 196 156 196
145 201 156 201
145 202 156 202
145 206 156 206
145 226 156 226
145 227 156 227
145 231 150 232
145 244 147 247
146 1 157 1
146 5 157 5
146 6 157 6
146 7 157 7
146 8 147 13
146 14 157 14
146 15 157 15
146 33 157 33
146 34 157 34
146 35 151 36
146 37 157 37
146 39 157 39
146 49 151 50
146 51 151 52
146 88 157 88
146 107 157 107
146 118 157 118
146 159 157 159
146 161 157 161
146 182 157 182
146 183 157 183
146 210 157 210
146 211 157 211
146 216 157 216
146 219 157 219
146 220 157 220
146 240 157 240
146 241 157 241
146 243 157 243
147 19 158 19
147 40 158 40
147 44 158 44
147 45 158 45
147 56 158 56
147 57 158 57
147 86 158 86
147 98 158 98
147 99 158 99
147 100 158 100
147 103 158 103
147 110 149 113
147 152 158 152
147 162 158 162
147 163 158 163
147 197 152 198
147 235 158 235
147 238 158 238
147 239 152 240
148 2 159 2
148 8 159 8
148 11 159 11
148 12 159 12
148 13 159 13
148 17 159 17
148 22 159 22
148 25 159 25
148 26 159 26
148 28 159 28
148 30 159 30
148 31 159 31
148 53 159 53
148 71 159 71
148 72 159 72
148 73 159 73
148 74 159 74
148 76 159 76
148 77 159 77
148 78 159 78
148 90 159 90
148 93 159 93
148 123 159 123
148 154 159 154
148 176 159 176
148 179 159 179
148 181 153 182
148 222 159 222
148 244 151 246
149 104 160 104
149 105 160 105
149 119 160 119
149 128 160 128
149 156 160 156
149 157 160 157
149 158 160 158
149 170 160 170
149 228 160 228
150 32 161 32
150 42 161 42
150 46 161 46
150 47 161 47
150 48 153 50
150 54 155 55
150 62 161 62
150 63 161 63
150 69 161 69
150 70 161 70
150 89 161 89
150 96 155 97
150 110 161 110
150 111 161 111
150 114 155 115
150 134 161 134
150 135 155 136
150 138 161 138
150 141 161 141
150 142 161 142
150 143 161 143
150 168 161 168
150 190 161 190
150 191 161 191
150 192 161 192
150 193 161 193
150 204 161 204
150 205 161 205
150 209 161 209
150 212 161 212
150 213 152 216
150 217 155 218
150 221 161 221
150 225 161 225
151 3 162 3
151 29 162 29
151 87 162 87
151 112 162 112
151 113 162 113
151 166 162 166
151 167 162 167
151 199 162 199
151 200 162 200
151 231 162 231
152 0 163 0
152 9 163 9
152 10 163 10
152 20 157 21
152 35 155 37
152 41 155 43
152 51 163 51
152 52 163 52
152 83 163 83
152 101 163 101
152 102 163 102
152 177 163 177
152 229 163 229
152 232 163 232
152 233 163 233
152 234 163 234
152 242 157 243
152 244 163 244
152 245 157 246
152 247 157 248
153 18 164 18
153 85 164 85
153 120 158 121
153 122 164 122
153 160 164 160
153 197 164 197
153 198 164 198
153 208 164 208
153 213 164 213
153 214 164 214
153 215 164 215
153 236 164 236
153 237 164 237
153 239 158 240
154 23 165 23
154 24 165 24
154 27 165 27
154 38 165 38
154 48 165 48
154 49 165 49
154 50 165 50
154 64 165 64
154 65 165 65
154 75 165 75
154 91 165 91
154 92 165 92
154 117 165 117
154 131 165 131
154 132 165 132
154 137 165 137
154 153 165 153
154 171 165 171
154 172 165 172
154 173 165 173
154 174 165 174
154 175 165 175
154 180 165 180
154 181 165 181
154 223 165 223
154 224 165 224
155 16 166 16
155 106 166 106
155 124 166 124
155 125 166 125
155 155 166 155
155 230 166 230
156 35 167 35
156 36 167 36
156 41 167 41
156 43 167 43
156 54 167 54
156 55 167 55
156 60 167 60
156 61 167 61
156 66 167 66
156 67 167 67
156 68 167 68
156 79 167 79
156 80 167 80
156 81 167 81
156 82 167 82
156 84 161 85
156 94 167 94
156 95 167 95
156 96 167 96
156 97 167 97
156 108 167 108
156 109 167 109
156 114 167 114
156 115 167 115
156 116 167 116
156 126 167 126
156 127 167 127
156 129 167 129
156 130 167 130
156 133 167 133
156 135 161 136
156 139 167 139
156 140 167 140
156 144 167 144
156 145 167 145
156 146 167 146
156 147 167 147
156 148 167 148
156 149 167 149
156 165 167 165
156 178 167 178
156 184 157 189
156 203 167 203
156 207 167 207
156 217 167 217
156 218 167 218
156 249 167 249
157 4 168 4
157 58 168 58
157 59 168 59
157 150 168 150
157 151 168 151
157 164 162 165
157 169 168 169
157 194 168 194
157 195 168 195
157 196 168 196
157 201 160 203
157 206 168 206
157 226 168 226
157 227 162 228
158 1 169 1
158 5 169 5
158 6 169 6
158 7 169 7
158 14 169 14
158 15 169 15
158 20 163 21
158 33 163 34
158 37 169 37
158 39 169 39
158 88 169 88
158 107 169 107
158 118 169 118
158 159 169 159
158 161 169 161
158 182 169 182
158 183 169 183
158 184 163 185
158 186 159 191
158 210 169 210
158 211 169 211
158 216 169 216
158 219 169 219
158 220 169 220
158 241 169 241
158 242 169 242
158 243 169 243
158 245 160 248
159 19 170 19
159 40 170 40
159 44 170 44
159 45 170 45
159 56 170 56
159 57 170 57
159 86 164 87
159 98 170 98
159 99 170 99
159 100 170 100
159 103 170 103
159 120 170 120
159 121 170 121
159 152 164 153
159 162 170 162
159 163 170 163
159 235 170 235
159 238 170 238
159 239 170 239
159 240 170 240
160 2 171 2
160 8 171 8
160 11 171 11
160 12 171 12
160 13 171 13
160 17 171 17
160 22 171 22
160 25 171 25
160 26 171 26
160 28 165 29
160 30 171 30
160 31 171 31
160 53 171 53
160 71 171 71
160 72 171 72
160 73 171 73
160 74 171 74
160 76 165 77
160 78 165 79
160 90 163 92
160 93 171 93
160 123 171 123
160 176 171 176
160 179 171 179
160 186 171 186
160 187 171 187
160 188 171 188
160 189 171 189
160 222 171 222
161 104 172 104
161 105 172 105
161 119 172 119
161 128 172 128
161 154 166 155
161 156 172 156
161 157 172 157
161 158 172 158
161 170 172 170
161 201 164 203
161 245 172 245
161 246 172 246
161 247 172 247
161 248 172 248
162 32 164 35
162 42 173 42
162 46 173 46
162 47 173 47
162 62 173 62
162 63 173 63
162 69 173 69
162 70 173 70
162 84 173 84
162 89 173 89
162 110 173 110
162 111 173 111
162 134 173 134
162 135 173 135
162 136 167 137
162 138 173 138
162 141 167 142
162 143 173 143
162 168 173 168
162 190 173 190
162 191 173 191
162 192 167 193
162 204 173 204
162 205 173 205
162 209 167 210
162 212 165 214
162 221 173 221
162 225 173 225
163 3 174 3
163 112 174 112
163 113 174 113
163 164 174 164
163 166 174 166
163 167 174 167
163 199 174 199
163 200 174 200
163 227 174 227
163 228 174 228
163 231 174 231
164 0 175 0
164 9 175 9
164 10 169 11
164 20 169 21
164 51 175 51
164 52 175 52
164 83 175 83
164 90 175 90
164 101 175 101
164 102 175 102
164 177 175 177
164 184 175 184
164 185 175 185
164 229 175 229
164 232 175 232
164 233 169 234
164 244 175 244
165 18 176 18
165 32 165 43
165 85 176 85
165 86 176 86
165 87 176 87
165 122 170 123
165 152 176 152
165 160 168 162
165 197 176 197
165 198 176 198
165 201 176 201
165 202 176 202
165 208 170 209
165 215 176 215
165 236 176 236
165 237 176 237
166 23 177 23
166 24 177 24
166 27 177 27
166 28 177 28
166 29 177 29
166 32 168 35
166 38 177 38
166 48 177 48
166 49 177 49
166 50 177 50
166 64 177 64
166 65 171 66
166 75 171 76
166 77 177 77
166 78 177 78
166 91 177 91
166 92 177 92
166 117 171 118
166 131 177 131
166 132 177 132
166 153 177 153
166 171 177 171
166 172 171 173
166 174 177 174
166 175 177 175
166 180 177 180
166 181 177 181
166 212 177 212
166 213 177 213
166 214 177 214
166 223 177 223
166 224 177 224
167 16 172 17
167 106 178 106
167 124 167 135
167 154 169 157
167 230 178 230
168 36 179 36
168 41 173 42
168 43 179 43
168 54 179 54
168 55 179 55
168 60 179 60
168 61 179 61
168 67 173 68
168 79 179 79
168 80 179 80
168 81 179 81
168 82 179 82
168 94 179 94
168 95 179 95
168 96 179 96
168 97 179 97
168 108 179 108
168 109 169 114
168 115 179 115
168 116 179 116
168 124 171 126
168 127 179 127
168 129 173 130
168 133 179 133
168 136 179 136
168 137 179 137
168 139 179 139
168 140 170 143
168 144 171 146
168 147 179 147
168 148 179 148
168 149 179 149
168 165 179 165
168 178 179 178
168 192 173 193
168 203 179 203
168 207 179 207
168 217 179 217
168 218 179 218
168 249 179 249
169 4 180 4
169 32 180 32
169 33 172 35
169 58 180 58
169 59 180 59
169 150 180 150
169 151 180 151
169 160 169 171
169 194 180 194
169 195 180 195
169 196 180 196
169 206 180 206
169 226 180 226
170 1 181 1
170 5 175 6
170 7 181 7
170 10 181 10
170 14 173 16
170 20 175 21
170 37 175 38
170 39 181 39
170 88 181 88
170 107 181 107
170 109 173 111
170 114 181 114
170 154 175 155
170 159 181 159
170 160 173 162
170 169 181 169
170 182 181 182
170 183 181 183
170 210 172 213
170 216 181 216
170 219 181 219
170 220 181 220
170 233 181 233
170 234 181 234
170 241 175 242
170 243 181 243
171 19 182 19
171 40 182 40
171 44 182 44
171 45 182 45
171 56 182 56
171 57 182 57
171 98 182 98
171 99 176 100
171 103 176 104
171 120 182 120
171 121 182 121
171 122 182 122
171 140 174 142
171 163 182 163
171 208 182 208
171 209 182 209
171 235 182 235
171 238 182 238
171 239 182 239
171 240 182 240
172 2 183 2
172 8 183 8
172 11 183 11
172 12 183 12
172 13 183 13
172 22 177 23
172 25 183 25
172 26 183 26
172 30 183 30
172 31 183 31
172 53 183 53
172 65 183 65
172 66 183 66
172 71 183 71
172 72 183 72
172 73 183 73
172 74 183 74
172 75 183 75
172 76 183 76
172 93 183 93
172 117 183 117
172 118 183 118
172 123 183 123
172 124 177 125
172 126 183 126
172 144 183 144
172 145 183 145
172 146 183 146
172 172 183 172
172 173 183 173
172 176 183 176
172 179 183 179
172 186 183 186
172 187 183 187
172 188 175 190
172 222 183 222
173 17 178 18
173 33 178 34
173 35 184 35
173 105 184 105
173 119 184 119
173 128 184 128
173 156 184 156
173 157 184 157
173 158 178 159
173 170 178 171
173 210 174 215
173 245 184 245
173 246 184 246
173 247 184 247
173 248 184 248
174 14 185 14
174 15 185 15
174 16 185 16
174 41 179 42
174 46 185 46
174 47 185 47
174 62 185 62
174 63 185 63
174 67 179 68
174 69 185 69
174 70 185 70
174 84 179 85
174 89 185 89
174 109 177 111
174 129 185 129
174 130 185 130
174 134 185 134
174 135 185 135
174 138 185 138
174 143 185 143
174 160 185 160
174 161 177 163
174 168 185 168
174 191 185 191
174 192 185 192
174 193 185 193
174 204 185 204
174 205 185 205
174 221 185 221
174 225 174 236
175 3 186 3
175 112 180 113
175 140 177 143
175 164 186 164
175 166 186 166
175 167 186 167
175 199 186 199
175 200 186 200
175 210 186 210
175 211 186 211
175 225 180 226
175 227 180 228
175 231 186 231
176 0 187 0
176 5 187 5
176 6 187 6
176 9 187 9
176 20 187 20
176 21 187 21
176 37 181 38
176 51 187 51
176 52 181 53
176 83 187 83
176 90 187 90
176 101 187 101
176 102 187 102
176 154 187 154
176 155 187 155
176 177 187 177
176 184 187 184
176 185 187 185
176 188 187 188
176 189 187 189
176 190 187 190
176 229 187 229
176 232 187 232
176 241 181 242
176 244 178 247
177 86 188 86
177 87 188 87
177 99 188 99
177 100 188 100
177 103 188 103
177 104 188 104
177 152 188 152
177 197 182 198
177 201 188 201
177 202 188 202
177 215 188 215
177 236 188 236
177 237 188 237
178 22 180 25
178 27 189 27
178 28 183 29
178 48 189 48
178 49 189 49
178 50 189 50
178 64 189 64
178 77 189 77
178 78 189 78
178 91 189 91
178 92 189 92
178 109 189 109
178 110 189 110
178 111 189 111
178 124 189 124
178 125 189 125
178 131 189 131
178 132 181 134
178 140 183 141
178 142 189 142
178 153 189 153
178 161 183 162
178 174 189 174
178 175 183 176
178 180 189 180
178 181 189 181
178 212 189 212
178 213 189 213
178 214 189 214
178 223 189 223
178 224 189 224
179 17 184 18
179 33 190 33
179 34 190 34
179 106 190 106
179 158 184 159
179 170 184 171
179 230 190 230
179 244 184 245
180 36 185 37
180 41 191 41
180 42 191 42
180 43 191 43
180 54 185 55
180 60 185 61
180 67 191 67
180 68 182 71
180 79 191 79
180 80 191 80
180 81 191 81
180 82 191 82
180 84 191 84
180 85 191 85
180 94 191 94
180 95 183 97
180 108 191 108
180 115 191 115
180 116 191 116
180 127 191 127
180 136 191 136
180 137 191 137
180 139 191 139
180 147 191 147
180 148 191 148
180 149 185 150
180 165 191 165
180 178 191 178
180 203 191 203
180 207 191 207
180 217 191 217
180 218 185 219
180 249 191 249
181 4 192 4
181 22 192 22
181 23 192 23
181 24 184 26
181 32 192 32
181 58 192 58
181 59 184 61
181 112 192 112
181 113 192 113
181 151 192 151
181 194 186 195
181 196 192 196
181 206 192 206
181 225 181 236
182 1 185 3
182 7 193 7
182 10 187 11
182 38 187 39
182 52 187 53
182 88 193 88
182 107 193 107
182 114 193 114
182 132 183 137
182 169 193 169
182 182 193 182
182 183 193 183
182 216 193 216
182 220 193 220
182 225 184 228
182 233 193 233
182 234 193 234
182 241 193 241
182 242 193 242
182 243 193 243
183 19 194 19
183 40 194 40
183 44 194 44
183 45 194 45
183 56 194 56
183 57 194 57
183 68 184 73
183 98 194 98
183 120 194 120
183 121 194 121
183 122 194 122
183 163 194 163
183 197 194 197
183 198 194 198
183 208 194 208
183 209 194 209
183 235 188 236
183 238 194 238
183 239 194 239
183 240 194 240
184 8 195 8
184 12 195 12
184 13 195 13
184 28 195 28
184 29 195 29
184 30 195 30
184 31 195 31
184 65 187 67
184 74 189 75
184 76 195 76
184 93 195 93
184 95 195 95
184 96 195 96
184 97 195 97
184 117 195 117
184 118 195 118
184 123 195 123
184 126 195 126
184 132 195 132
184 133 195 133
184 140 195 140
184 141 195 141
184 144 189 145
184 146 195 146
184 161 195 161
184 162 195 162
184 172 187 174
184 175 195 175
184 176 195 176
184 179 195 179
184 186 195 186
184 187 189 188
184 222 195 222
185 17 196 17
185 18 190 19
185 24 186 29
185 35 196 35
185 59 196 59
185 68 190 69
185 71 196 71
185 72 196 72
185 73 196 73
185 105 196 105
185 119 196 119
185 128 196 128
185 156 196 156
185 157 196 157
185 158 196 158
185 159 196 159
185 170 196 170
185 171 196 171
185 225 196 225
185 226 196 226
185 227 196 227
185 228 190 229
185 244 196 244
185 245 188 247
185 248 196 248
186 1 187 6
186 14 197 14
186 15 197 15
186 16 197 16
186 36 189 38
186 46 197 46
186 47 197 47
186 54 197 54
186 55 197 55
186 60 197 60
186 61 197 61
186 62 197 62
186 63 197 63
186 70 197 70
186 89 197 89
186 129 197 129
186 130 197 130
186 134 197 134
186 135 197 135
186 138 197 138
186 143 197 143
186 149 197 149
186 150 197 150
186 160 191 161
186 168 197 168
186 191 191 192
186 193 197 193
186 204 197 204
186 205 197 205
186 218 191 219
186 221 197 221
187 24 189 27
187 164 198 164
187 166 190 168
187 194 192 195
187 199 190 201
187 210 198 210
187 211 189 214
187 231 198 231
188 0 199 0
188 1 188 12
188 20 199 20
188 21 199 21
188 39 199 39
188 51 199 51
188 52 199 52
188 53 199 53
188 65 191 67
188 83 199 83
188 90 199 90
188 101 199 101
188 102 199 102
188 154 199 154
188 155 193 156
188 172 199 172
188 173 199 173
188 177 199 177
188 184 199 184
188 185 199 185
188 189 193 190
188 232 199 232
189 1 189 12
189 86 194 87
189 99 194 100
189 103 194 104
189 152 194 153
189 202 194 203
189 215 194 216
189 235 194 236
189 237 191 240
189 245 194 246
189 247 194 248
190 1 191 6
190 9 195 10
190 11 193 13
190 24 195 25
190 26 195 27
190 36 191 41
190 48 195 49
190 50 195 51
190 64 195 65
190 74 192 77
190 78 195 79
190 91 195 92
190 109 195 110
190 111 195 112
190 124 195 125
190 131 195 132
190 142 195 143
190 144 195 145
190 174 195 175
190 180 195 181
190 187 195 188
190 211 195 212
190 213 195 214
190 223 195 224
191 18 196 19
191 33 196 34
191 68 196 69
191 106 196 107
191 166 192 171
191 199 196 200
191 201 196 202
191 228 196 229
191 230 196 231
192 1 193 6
192 36 197 37
192 38 197 39
192 41 195 43
192 66 197 67
192 80 197 81
192 82 197 83
192 84 194 87
192 94 197 95
192 108 197 109
192 115 197 116
192 127 197 128
192 136 197 137
192 139 197 140
192 147 197 148
192 160 197 161
192 165 197 166
192 178 197 179
192 191 195 193
192 207 197 208
192 217 197 218
192 219 197 220
192 237 194 240
193 22 198 23
193 32 198 33
193 58 198 59
193 74 198 75
193 77 198 78
193 113 198 114
193 151 198 152
193 167 198 168
193 194 198 195
193 196 198 197
193 206 195 209
194 1 195 6
194 7 199 8
194 11 199 12
194 88 197 90
194 155 197 157
194 169 199 170
194 182 199 183
194 189 199 190
194 233 199 234
194 241 199 242
194 243 199 244
195 40 198 42
195 44 198 46
195 56 198 58
195 84 197 87
195 98 195 109
195 120 198 122
195 153 198 155
195 163 198 165
195 198 198 200
195 203 198 205
195 215 198 217
195 235 197 238
195 239 198 241
195 245 198 247
196 1 199 3
196 4 199 6
196 9 199 11
196 13 199 15
196 24 199 26
196 27 199 29
196 30 199 32
196 43 197 48
196 49 199 51
196 64 199 66
196 76 199 78
196 79 198 82
196 91 199 93
196 96 197 101
196 103 199 105
196 110 199 112
196 117 199 119
196 123 199 125
196 126 199 128
196 131 199 133
196 141 199 143
196 144 197 149
196 162 199 164
196 174 199 176
196 180 199 182
196 186 198 189
196 191 197 196
196 206 199 208
196 209 199 211
196 212 199 214
196 222 199 224
197 17 199 20
197 34 199 37
197 68 199 71
197 72 199 75
197 106 198 111
197 158 199 161
197 171 199 174
197 201 199 204
197 225 199 228
197 229 199 232
198 38 199 43
198 47 199 52
198 54 199 59
198 60 199 65
198 67 199 72
198 84 199 89
198 94 198 105
198 115 199 120
198 129 199 134
198 135 198 146
198 147 199 152
198 156 199 161
198 166 198 177
198 178 199 183
198 191 199 196
198 218 199 223
198 235 199 240
199 16 199 27
199 33 199 44
199 45 199 56
199 82 199 93
199 97 199 108
199 121 199 132
199 135 199 146
199 153 199 164
199 165 199 176
199 186 199 197
199 198 199 209
199 215 199 226
