750
8 15
518 525
847 894
915 937
297 321
183 242
392 408
832 912
169 204
454 455
165 173
355 373
856 873
407 414
494 544
582 585
661 795
409 470
413 415
475 481
339 341
249 262
155 195
93 115
344 372
150 153
44 67
885 929
581 615
513 617
543 553
51 88
401 402
833 835
200 243
881 932
231 236
263 289
547 566
808 858
991 993
424 452
511 521
307 318
612 625
801 825
371 388
368 383
91 94
837 861
664 681
620 670
619 721
469 471
977 12
330 345
758 769
482 537
952 973
662 675
510 607
838 876
458 461
637 660
256 386
665 686
726 770
108 118
947 953
622 624
46 55
608 630
146 151
740 751
160 163
101 105
813 817
129 134
866 879
529 545
995 10
779
144 147
36 61
405 426
49 52
314
744 796
867
30 32
137 138
387
72 99
125
20 27
114 162
438 447
840 846
939
797 814
47 65
40 80
171 226
168 172
182 188
528 534
714 735
270 304
394 410
130 133
359 366
697 705
443 490
199 227
689 695
765 800
703 716
572 583
588
273 290
562 571
522 524
327 376
643 653
928 961
728
920 943
478 492
459 474
994
956 988
573 609
503 517
805 857
484 487
224 246
891 903
930 949
919 927
960 982
789 816
26 31
799
434 437
5
940 941
365 382
86 117
676 698
260
259 285
422 444
0 37
965 996
336 350
897 910
123 126
806 824
156 157
563 579
957 958
76 95
862 872
338 353
913
760 794
428 464
715 753
59 71
234 250
495 501
248 257
337 343
497
818 834
196
223 271
472
725
81
674 701
154
828 868
737 763
706
638
841 853
244 252
488
198 238
911 918
116 128
684 711
96 102
320
631 633
577 580
599 601
645
149
546
85 119
629
109
275
586 589
143 218
241
266 288
89
300
774 810
18 124
211
38
175 185
34
635 659
83
860
269 335
281
228
87
561
509
557
644
364
375 465
651 657
732
504
710 759
590 595
871 882
934 990
782 788
576
385 390
984 6
666 668
954
280 331
187
731 781
9
22
775
967 2
773 793
745
451
803
457
66 82
197
654
549
161 206
179
777
148
411
384 432
251
567
23
962
802
139
550
217
127
717 720
214 215
836
277
254
181
820
68 69
296
632 636
889
924
219
201
466 476
381
981 64
946 968
951
570
145
768
527 542
855
25
628 709
57 58
287
113
516
901 909
294
103
286
78
964
48
688
92
191 237
898 904
131 158
746
729
812
887
559
302
28
456
70
265
247
255
752 762
416
398 403
272
301
736
942
166
367
969
436
584
883 884
757
771
216
468
202
498 535
404
723
499
532
877
890
899
313
221 253
480
896
19
391
761
479
50
623
502
830
417 419
708
886
555
618 634
756
423
539
508
406
446
295 395
614
7
963
673 683
974 979
370
159
578 587
739
4
880
922
393
902 916
865
669
348
551
310 399
606
13
264 291
3
90
79 84
450
923
439
548 552
463
905
152 180
349
11
921
485
596
685 700
329
972
699 749
900
418 427
950
908
712
594
429
648
292
433
41
598 600
718
500
906
798 892
352
467
815
98
347
907
663
870
306 322
713
604
679
819
360
473
616
755
184
541
677
435
21
203
627
849
704
279
178
839
926
564 568
792
986
530
750 783
512 558
208
852
878
167
613
727
305
707
462
864
997
998
641
992
356
933
111
936
678
987
190 207
507
430
35
358
233
245
831
496 523
603 696
299
189
724
985 999
610
845
120
97 104
486
945 980
328
671
776
267
692
324 363
389
232
53 54
378
39
970
575
193
944
311
261
400
225
229
421
106
605
361
778
332
650
554
888
702
533
742
565
278
821
640
719
440
142
362
342
284
597
844
823
460
874
935
483
851
687
975
369
445 449
754
298
62
140
786
60
75
804
63
505
536
309
743
73
931
274
682
396
811
45
827
978
722
807
574
869
222
514
442
29
680
209
850
591
863
693
213
560
177
787
312
283
593
303
611
741
230
733
652
658
1
914
826
100
74
112
526
212
174
240
875
453
843
822
519
235
397
319
656
77
809
380
24
540
121
136
315
966
983
520
205
374
377
346
842
790
690
325
441
730
672
210
258
491
893
626
164
176
917
976
531
848
785
186
276
132
334
506
925
592
14
431
556
351
107
340
859
379
854
694
938
489
110
293
239
647
538
955
747
621
316
17
412
425
655
649
767
667
326
791
220
602
333
895
268
170
323
135
16
829
42
354
357
317
691
515
569
959
493
766
646
141
122
43
738
764
772
33
477
192
642
194
282
308
420
448
639
734
748
780
784
948
971
989
56
